<?xml version="1.0" encoding="UTF-8"?>
<testsuite xmlns:xsi="http://www.w3.org/2001/XMLSchema-instance" xsi:noNamespaceSchemaLocation="https://maven.apache.org/surefire/maven-surefire-plugin/xsd/surefire-test-report-3.0.xsd" version="3.0" name="org.example.nifi.processors.redis.GetRedisSingleRecordTest" time="0.068" tests="1" errors="0" skipped="0" failures="0">
  <properties>
    <property name="java.specification.version" value="21"/>
    <property name="sun.jnu.encoding" value="UTF-8"/>
    <property name="java.class.path" value="/home/aalghanim/nifi-redis-single-record-processor-bundle/nifi-nifi-redis-get-processor-processors/target/test-classes:/home/aalghanim/nifi-redis-single-record-processor-bundle/nifi-nifi-redis-get-processor-processors/target/classes:/home/aalghanim/.m2/repository/org/apache/nifi/nifi-api/2.0.0-M4/nifi-api-2.0.0-M4.jar:/home/aalghanim/.m2/repository/redis/clients/jedis/4.3.1/jedis-4.3.1.jar:/home/aalghanim/.m2/repository/org/apache/commons/commons-pool2/2.11.1/commons-pool2-2.11.1.jar:/home/aalghanim/.m2/repository/org/json/json/20220320/json-20220320.jar:/home/aalghanim/.m2/repository/com/google/code/gson/gson/2.10.1/gson-2.10.1.jar:/home/aalghanim/.m2/repository/com/fasterxml/jackson/core/jackson-databind/2.14.0/jackson-databind-2.14.0.jar:/home/aalghanim/.m2/repository/com/fasterxml/jackson/core/jackson-annotations/2.17.1/jackson-annotations-2.17.1.jar:/home/aalghanim/.m2/repository/com/fasterxml/jackson/core/jackson-core/2.17.1/jackson-core-2.17.1.jar:/home/aalghanim/.m2/repository/org/apache/nifi/nifi-utils/2.0.0-M4/nifi-utils-2.0.0-M4.jar:/home/aalghanim/.m2/repository/org/apache/nifi/nifi-mock/2.0.0-M4/nifi-mock-2.0.0-M4.jar:/home/aalghanim/.m2/repository/org/apache/nifi/nifi-expression-language/2.0.0-M4/nifi-expression-language-2.0.0-M4.jar:/home/aalghanim/.m2/repository/org/antlr/antlr-runtime/3.5.3/antlr-runtime-3.5.3.jar:/home/aalghanim/.m2/repository/org/apache/nifi/nifi-uuid5/2.0.0-M4/nifi-uuid5-2.0.0-M4.jar:/home/aalghanim/.m2/repository/com/jayway/jsonpath/json-path/2.9.0/json-path-2.9.0.jar:/home/aalghanim/.m2/repository/net/minidev/json-smart/2.5.0/json-smart-2.5.0.jar:/home/aalghanim/.m2/repository/net/minidev/accessors-smart/2.5.0/accessors-smart-2.5.0.jar:/home/aalghanim/.m2/repository/org/apache/commons/commons-text/1.12.0/commons-text-1.12.0.jar:/home/aalghanim/.m2/repository/commons-codec/commons-codec/1.17.0/commons-codec-1.17.0.jar:/home/aalghanim/.m2/repository/org/apache/nifi/nifi-parameter/2.0.0-M4/nifi-parameter-2.0.0-M4.jar:/home/aalghanim/.m2/repository/org/apache/commons/commons-lang3/3.14.0/commons-lang3-3.14.0.jar:/home/aalghanim/.m2/repository/org/slf4j/slf4j-simple/2.0.13/slf4j-simple-2.0.13.jar:/home/aalghanim/.m2/repository/org/junit/jupiter/junit-jupiter-api/5.10.2/junit-jupiter-api-5.10.2.jar:/home/aalghanim/.m2/repository/org/opentest4j/opentest4j/1.3.0/opentest4j-1.3.0.jar:/home/aalghanim/.m2/repository/org/apiguardian/apiguardian-api/1.1.2/apiguardian-api-1.1.2.jar:/home/aalghanim/.m2/repository/org/junit/jupiter/junit-jupiter-engine/5.10.2/junit-jupiter-engine-5.10.2.jar:/home/aalghanim/.m2/repository/org/junit/platform/junit-platform-engine/1.10.2/junit-platform-engine-1.10.2.jar:/home/aalghanim/.m2/repository/jakarta/servlet/jakarta.servlet-api/6.0.0/jakarta.servlet-api-6.0.0.jar:/home/aalghanim/.m2/repository/org/eclipse/jetty/toolchain/jetty-schemas/5.2/jetty-schemas-5.2.jar:/home/aalghanim/.m2/repository/org/eclipse/jetty/jetty-server/12.0.10/jetty-server-12.0.10.jar:/home/aalghanim/.m2/repository/org/eclipse/jetty/jetty-http/12.0.10/jetty-http-12.0.10.jar:/home/aalghanim/.m2/repository/org/eclipse/jetty/jetty-io/12.0.10/jetty-io-12.0.10.jar:/home/aalghanim/.m2/repository/org/eclipse/jetty/ee10/jetty-ee10-servlet/12.0.10/jetty-ee10-servlet-12.0.10.jar:/home/aalghanim/.m2/repository/org/eclipse/jetty/jetty-security/12.0.10/jetty-security-12.0.10.jar:/home/aalghanim/.m2/repository/org/eclipse/jetty/jetty-session/12.0.10/jetty-session-12.0.10.jar:/home/aalghanim/.m2/repository/org/eclipse/jetty/ee10/jetty-ee10-webapp/12.0.10/jetty-ee10-webapp-12.0.10.jar:/home/aalghanim/.m2/repository/org/eclipse/jetty/jetty-ee/12.0.10/jetty-ee-12.0.10.jar:/home/aalghanim/.m2/repository/org/eclipse/jetty/jetty-xml/12.0.10/jetty-xml-12.0.10.jar:/home/aalghanim/.m2/repository/org/eclipse/jetty/jetty-deploy/12.0.10/jetty-deploy-12.0.10.jar:/home/aalghanim/.m2/repository/org/eclipse/jetty/ee10/jetty-ee10-servlets/12.0.10/jetty-ee10-servlets-12.0.10.jar:/home/aalghanim/.m2/repository/org/eclipse/jetty/jetty-util/12.0.10/jetty-util-12.0.10.jar:/home/aalghanim/.m2/repository/org/eclipse/jetty/ee10/jetty-ee10-annotations/12.0.10/jetty-ee10-annotations-12.0.10.jar:/home/aalghanim/.m2/repository/jakarta/annotation/jakarta.annotation-api/2.1.1/jakarta.annotation-api-2.1.1.jar:/home/aalghanim/.m2/repository/org/eclipse/jetty/ee10/jetty-ee10-plus/12.0.10/jetty-ee10-plus-12.0.10.jar:/home/aalghanim/.m2/repository/jakarta/enterprise/jakarta.enterprise.cdi-api/4.0.1/jakarta.enterprise.cdi-api-4.0.1.jar:/home/aalghanim/.m2/repository/jakarta/inject/jakarta.inject-api/2.0.1/jakarta.inject-api-2.0.1.jar:/home/aalghanim/.m2/repository/jakarta/enterprise/jakarta.enterprise.lang-model/4.0.1/jakarta.enterprise.lang-model-4.0.1.jar:/home/aalghanim/.m2/repository/jakarta/interceptor/jakarta.interceptor-api/2.1.0/jakarta.interceptor-api-2.1.0.jar:/home/aalghanim/.m2/repository/jakarta/transaction/jakarta.transaction-api/2.0.1/jakarta.transaction-api-2.0.1.jar:/home/aalghanim/.m2/repository/org/eclipse/jetty/jetty-jndi/12.0.10/jetty-jndi-12.0.10.jar:/home/aalghanim/.m2/repository/org/eclipse/jetty/jetty-plus/12.0.10/jetty-plus-12.0.10.jar:/home/aalghanim/.m2/repository/org/ow2/asm/asm/9.7/asm-9.7.jar:/home/aalghanim/.m2/repository/org/ow2/asm/asm-commons/9.7/asm-commons-9.7.jar:/home/aalghanim/.m2/repository/org/ow2/asm/asm-tree/9.7/asm-tree-9.7.jar:/home/aalghanim/.m2/repository/org/eclipse/jetty/ee10/jetty-ee10-apache-jsp/12.0.10/jetty-ee10-apache-jsp-12.0.10.jar:/home/aalghanim/.m2/repository/org/mortbay/jasper/apache-jsp/10.1.16/apache-jsp-10.1.16.jar:/home/aalghanim/.m2/repository/org/mortbay/jasper/apache-el/10.1.16/apache-el-10.1.16.jar:/home/aalghanim/.m2/repository/jakarta/el/jakarta.el-api/5.0.1/jakarta.el-api-5.0.1.jar:/home/aalghanim/.m2/repository/jakarta/servlet/jsp/jakarta.servlet.jsp-api/3.1.1/jakarta.servlet.jsp-api-3.1.1.jar:/home/aalghanim/.m2/repository/org/eclipse/jdt/ecj/3.38.0/ecj-3.38.0.jar:/home/aalghanim/.m2/repository/org/eclipse/jetty/ee10/jetty-ee10-glassfish-jstl/12.0.10/jetty-ee10-glassfish-jstl-12.0.10.jar:/home/aalghanim/.m2/repository/jakarta/servlet/jsp/jstl/jakarta.servlet.jsp.jstl-api/3.0.0/jakarta.servlet.jsp.jstl-api-3.0.0.jar:/home/aalghanim/.m2/repository/org/glassfish/web/jakarta.servlet.jsp.jstl/3.0.1/jakarta.servlet.jsp.jstl-3.0.1.jar:/home/aalghanim/.m2/repository/org/eclipse/jetty/jetty-alpn-server/12.0.10/jetty-alpn-server-12.0.10.jar:/home/aalghanim/.m2/repository/org/eclipse/jetty/jetty-alpn-java-server/12.0.10/jetty-alpn-java-server-12.0.10.jar:/home/aalghanim/.m2/repository/org/eclipse/jetty/http2/jetty-http2-server/12.0.10/jetty-http2-server-12.0.10.jar:/home/aalghanim/.m2/repository/org/eclipse/jetty/http2/jetty-http2-common/12.0.10/jetty-http2-common-12.0.10.jar:/home/aalghanim/.m2/repository/org/eclipse/jetty/http2/jetty-http2-hpack/12.0.10/jetty-http2-hpack-12.0.10.jar:/home/aalghanim/.m2/repository/org/apache/nifi/nifi-properties/2.0.0-M4/nifi-properties-2.0.0-M4.jar:/home/aalghanim/.m2/repository/org/apache/nifi/nifi-property-utils/2.0.0-M4/nifi-property-utils-2.0.0-M4.jar:/home/aalghanim/.m2/repository/org/slf4j/jcl-over-slf4j/2.0.13/jcl-over-slf4j-2.0.13.jar:/home/aalghanim/.m2/repository/org/slf4j/log4j-over-slf4j/2.0.13/log4j-over-slf4j-2.0.13.jar:/home/aalghanim/.m2/repository/org/slf4j/jul-to-slf4j/2.0.13/jul-to-slf4j-2.0.13.jar:/home/aalghanim/.m2/repository/org/slf4j/slf4j-api/2.0.13/slf4j-api-2.0.13.jar:/home/aalghanim/.m2/repository/org/junit/jupiter/junit-jupiter-params/5.10.2/junit-jupiter-params-5.10.2.jar:/home/aalghanim/.m2/repository/org/mockito/mockito-core/5.12.0/mockito-core-5.12.0.jar:/home/aalghanim/.m2/repository/net/bytebuddy/byte-buddy/1.14.15/byte-buddy-1.14.15.jar:/home/aalghanim/.m2/repository/net/bytebuddy/byte-buddy-agent/1.14.15/byte-buddy-agent-1.14.15.jar:/home/aalghanim/.m2/repository/org/objenesis/objenesis/3.3/objenesis-3.3.jar:/home/aalghanim/.m2/repository/org/mockito/mockito-junit-jupiter/5.12.0/mockito-junit-jupiter-5.12.0.jar:/home/aalghanim/.m2/repository/org/junit/platform/junit-platform-commons/1.10.2/junit-platform-commons-1.10.2.jar:"/>
    <property name="java.vm.vendor" value="Ubuntu"/>
    <property name="sun.arch.data.model" value="64"/>
    <property name="java.vendor.url" value="https://ubuntu.com/"/>
    <property name="os.name" value="Linux"/>
    <property name="java.vm.specification.version" value="21"/>
    <property name="sun.java.launcher" value="SUN_STANDARD"/>
    <property name="user.country" value="US"/>
    <property name="sun.boot.library.path" value="/usr/lib/jvm/java-21-openjdk-amd64/lib"/>
    <property name="sun.java.command" value="/home/aalghanim/nifi-redis-single-record-processor-bundle/nifi-nifi-redis-get-processor-processors/target/surefire/surefirebooter-20241005195717952_3.jar /home/aalghanim/nifi-redis-single-record-processor-bundle/nifi-nifi-redis-get-processor-processors/target/surefire 2024-10-05T19-57-17_913-jvmRun1 surefire-20241005195717952_1tmp surefire_0-20241005195717952_2tmp"/>
    <property name="jdk.debug" value="release"/>
    <property name="surefire.test.class.path" value="/home/aalghanim/nifi-redis-single-record-processor-bundle/nifi-nifi-redis-get-processor-processors/target/test-classes:/home/aalghanim/nifi-redis-single-record-processor-bundle/nifi-nifi-redis-get-processor-processors/target/classes:/home/aalghanim/.m2/repository/org/apache/nifi/nifi-api/2.0.0-M4/nifi-api-2.0.0-M4.jar:/home/aalghanim/.m2/repository/redis/clients/jedis/4.3.1/jedis-4.3.1.jar:/home/aalghanim/.m2/repository/org/apache/commons/commons-pool2/2.11.1/commons-pool2-2.11.1.jar:/home/aalghanim/.m2/repository/org/json/json/20220320/json-20220320.jar:/home/aalghanim/.m2/repository/com/google/code/gson/gson/2.10.1/gson-2.10.1.jar:/home/aalghanim/.m2/repository/com/fasterxml/jackson/core/jackson-databind/2.14.0/jackson-databind-2.14.0.jar:/home/aalghanim/.m2/repository/com/fasterxml/jackson/core/jackson-annotations/2.17.1/jackson-annotations-2.17.1.jar:/home/aalghanim/.m2/repository/com/fasterxml/jackson/core/jackson-core/2.17.1/jackson-core-2.17.1.jar:/home/aalghanim/.m2/repository/org/apache/nifi/nifi-utils/2.0.0-M4/nifi-utils-2.0.0-M4.jar:/home/aalghanim/.m2/repository/org/apache/nifi/nifi-mock/2.0.0-M4/nifi-mock-2.0.0-M4.jar:/home/aalghanim/.m2/repository/org/apache/nifi/nifi-expression-language/2.0.0-M4/nifi-expression-language-2.0.0-M4.jar:/home/aalghanim/.m2/repository/org/antlr/antlr-runtime/3.5.3/antlr-runtime-3.5.3.jar:/home/aalghanim/.m2/repository/org/apache/nifi/nifi-uuid5/2.0.0-M4/nifi-uuid5-2.0.0-M4.jar:/home/aalghanim/.m2/repository/com/jayway/jsonpath/json-path/2.9.0/json-path-2.9.0.jar:/home/aalghanim/.m2/repository/net/minidev/json-smart/2.5.0/json-smart-2.5.0.jar:/home/aalghanim/.m2/repository/net/minidev/accessors-smart/2.5.0/accessors-smart-2.5.0.jar:/home/aalghanim/.m2/repository/org/apache/commons/commons-text/1.12.0/commons-text-1.12.0.jar:/home/aalghanim/.m2/repository/commons-codec/commons-codec/1.17.0/commons-codec-1.17.0.jar:/home/aalghanim/.m2/repository/org/apache/nifi/nifi-parameter/2.0.0-M4/nifi-parameter-2.0.0-M4.jar:/home/aalghanim/.m2/repository/org/apache/commons/commons-lang3/3.14.0/commons-lang3-3.14.0.jar:/home/aalghanim/.m2/repository/org/slf4j/slf4j-simple/2.0.13/slf4j-simple-2.0.13.jar:/home/aalghanim/.m2/repository/org/junit/jupiter/junit-jupiter-api/5.10.2/junit-jupiter-api-5.10.2.jar:/home/aalghanim/.m2/repository/org/opentest4j/opentest4j/1.3.0/opentest4j-1.3.0.jar:/home/aalghanim/.m2/repository/org/apiguardian/apiguardian-api/1.1.2/apiguardian-api-1.1.2.jar:/home/aalghanim/.m2/repository/org/junit/jupiter/junit-jupiter-engine/5.10.2/junit-jupiter-engine-5.10.2.jar:/home/aalghanim/.m2/repository/org/junit/platform/junit-platform-engine/1.10.2/junit-platform-engine-1.10.2.jar:/home/aalghanim/.m2/repository/jakarta/servlet/jakarta.servlet-api/6.0.0/jakarta.servlet-api-6.0.0.jar:/home/aalghanim/.m2/repository/org/eclipse/jetty/toolchain/jetty-schemas/5.2/jetty-schemas-5.2.jar:/home/aalghanim/.m2/repository/org/eclipse/jetty/jetty-server/12.0.10/jetty-server-12.0.10.jar:/home/aalghanim/.m2/repository/org/eclipse/jetty/jetty-http/12.0.10/jetty-http-12.0.10.jar:/home/aalghanim/.m2/repository/org/eclipse/jetty/jetty-io/12.0.10/jetty-io-12.0.10.jar:/home/aalghanim/.m2/repository/org/eclipse/jetty/ee10/jetty-ee10-servlet/12.0.10/jetty-ee10-servlet-12.0.10.jar:/home/aalghanim/.m2/repository/org/eclipse/jetty/jetty-security/12.0.10/jetty-security-12.0.10.jar:/home/aalghanim/.m2/repository/org/eclipse/jetty/jetty-session/12.0.10/jetty-session-12.0.10.jar:/home/aalghanim/.m2/repository/org/eclipse/jetty/ee10/jetty-ee10-webapp/12.0.10/jetty-ee10-webapp-12.0.10.jar:/home/aalghanim/.m2/repository/org/eclipse/jetty/jetty-ee/12.0.10/jetty-ee-12.0.10.jar:/home/aalghanim/.m2/repository/org/eclipse/jetty/jetty-xml/12.0.10/jetty-xml-12.0.10.jar:/home/aalghanim/.m2/repository/org/eclipse/jetty/jetty-deploy/12.0.10/jetty-deploy-12.0.10.jar:/home/aalghanim/.m2/repository/org/eclipse/jetty/ee10/jetty-ee10-servlets/12.0.10/jetty-ee10-servlets-12.0.10.jar:/home/aalghanim/.m2/repository/org/eclipse/jetty/jetty-util/12.0.10/jetty-util-12.0.10.jar:/home/aalghanim/.m2/repository/org/eclipse/jetty/ee10/jetty-ee10-annotations/12.0.10/jetty-ee10-annotations-12.0.10.jar:/home/aalghanim/.m2/repository/jakarta/annotation/jakarta.annotation-api/2.1.1/jakarta.annotation-api-2.1.1.jar:/home/aalghanim/.m2/repository/org/eclipse/jetty/ee10/jetty-ee10-plus/12.0.10/jetty-ee10-plus-12.0.10.jar:/home/aalghanim/.m2/repository/jakarta/enterprise/jakarta.enterprise.cdi-api/4.0.1/jakarta.enterprise.cdi-api-4.0.1.jar:/home/aalghanim/.m2/repository/jakarta/inject/jakarta.inject-api/2.0.1/jakarta.inject-api-2.0.1.jar:/home/aalghanim/.m2/repository/jakarta/enterprise/jakarta.enterprise.lang-model/4.0.1/jakarta.enterprise.lang-model-4.0.1.jar:/home/aalghanim/.m2/repository/jakarta/interceptor/jakarta.interceptor-api/2.1.0/jakarta.interceptor-api-2.1.0.jar:/home/aalghanim/.m2/repository/jakarta/transaction/jakarta.transaction-api/2.0.1/jakarta.transaction-api-2.0.1.jar:/home/aalghanim/.m2/repository/org/eclipse/jetty/jetty-jndi/12.0.10/jetty-jndi-12.0.10.jar:/home/aalghanim/.m2/repository/org/eclipse/jetty/jetty-plus/12.0.10/jetty-plus-12.0.10.jar:/home/aalghanim/.m2/repository/org/ow2/asm/asm/9.7/asm-9.7.jar:/home/aalghanim/.m2/repository/org/ow2/asm/asm-commons/9.7/asm-commons-9.7.jar:/home/aalghanim/.m2/repository/org/ow2/asm/asm-tree/9.7/asm-tree-9.7.jar:/home/aalghanim/.m2/repository/org/eclipse/jetty/ee10/jetty-ee10-apache-jsp/12.0.10/jetty-ee10-apache-jsp-12.0.10.jar:/home/aalghanim/.m2/repository/org/mortbay/jasper/apache-jsp/10.1.16/apache-jsp-10.1.16.jar:/home/aalghanim/.m2/repository/org/mortbay/jasper/apache-el/10.1.16/apache-el-10.1.16.jar:/home/aalghanim/.m2/repository/jakarta/el/jakarta.el-api/5.0.1/jakarta.el-api-5.0.1.jar:/home/aalghanim/.m2/repository/jakarta/servlet/jsp/jakarta.servlet.jsp-api/3.1.1/jakarta.servlet.jsp-api-3.1.1.jar:/home/aalghanim/.m2/repository/org/eclipse/jdt/ecj/3.38.0/ecj-3.38.0.jar:/home/aalghanim/.m2/repository/org/eclipse/jetty/ee10/jetty-ee10-glassfish-jstl/12.0.10/jetty-ee10-glassfish-jstl-12.0.10.jar:/home/aalghanim/.m2/repository/jakarta/servlet/jsp/jstl/jakarta.servlet.jsp.jstl-api/3.0.0/jakarta.servlet.jsp.jstl-api-3.0.0.jar:/home/aalghanim/.m2/repository/org/glassfish/web/jakarta.servlet.jsp.jstl/3.0.1/jakarta.servlet.jsp.jstl-3.0.1.jar:/home/aalghanim/.m2/repository/org/eclipse/jetty/jetty-alpn-server/12.0.10/jetty-alpn-server-12.0.10.jar:/home/aalghanim/.m2/repository/org/eclipse/jetty/jetty-alpn-java-server/12.0.10/jetty-alpn-java-server-12.0.10.jar:/home/aalghanim/.m2/repository/org/eclipse/jetty/http2/jetty-http2-server/12.0.10/jetty-http2-server-12.0.10.jar:/home/aalghanim/.m2/repository/org/eclipse/jetty/http2/jetty-http2-common/12.0.10/jetty-http2-common-12.0.10.jar:/home/aalghanim/.m2/repository/org/eclipse/jetty/http2/jetty-http2-hpack/12.0.10/jetty-http2-hpack-12.0.10.jar:/home/aalghanim/.m2/repository/org/apache/nifi/nifi-properties/2.0.0-M4/nifi-properties-2.0.0-M4.jar:/home/aalghanim/.m2/repository/org/apache/nifi/nifi-property-utils/2.0.0-M4/nifi-property-utils-2.0.0-M4.jar:/home/aalghanim/.m2/repository/org/slf4j/jcl-over-slf4j/2.0.13/jcl-over-slf4j-2.0.13.jar:/home/aalghanim/.m2/repository/org/slf4j/log4j-over-slf4j/2.0.13/log4j-over-slf4j-2.0.13.jar:/home/aalghanim/.m2/repository/org/slf4j/jul-to-slf4j/2.0.13/jul-to-slf4j-2.0.13.jar:/home/aalghanim/.m2/repository/org/slf4j/slf4j-api/2.0.13/slf4j-api-2.0.13.jar:/home/aalghanim/.m2/repository/org/junit/jupiter/junit-jupiter-params/5.10.2/junit-jupiter-params-5.10.2.jar:/home/aalghanim/.m2/repository/org/mockito/mockito-core/5.12.0/mockito-core-5.12.0.jar:/home/aalghanim/.m2/repository/net/bytebuddy/byte-buddy/1.14.15/byte-buddy-1.14.15.jar:/home/aalghanim/.m2/repository/net/bytebuddy/byte-buddy-agent/1.14.15/byte-buddy-agent-1.14.15.jar:/home/aalghanim/.m2/repository/org/objenesis/objenesis/3.3/objenesis-3.3.jar:/home/aalghanim/.m2/repository/org/mockito/mockito-junit-jupiter/5.12.0/mockito-junit-jupiter-5.12.0.jar:/home/aalghanim/.m2/repository/org/junit/platform/junit-platform-commons/1.10.2/junit-platform-commons-1.10.2.jar:"/>
    <property name="sun.cpu.endian" value="little"/>
    <property name="user.home" value="/home/aalghanim"/>
    <property name="user.language" value="en"/>
    <property name="java.specification.vendor" value="Oracle Corporation"/>
    <property name="java.version.date" value="2024-07-16"/>
    <property name="java.home" value="/usr/lib/jvm/java-21-openjdk-amd64"/>
    <property name="file.separator" value="/"/>
    <property name="basedir" value="/home/aalghanim/nifi-redis-single-record-processor-bundle/nifi-nifi-redis-get-processor-processors"/>
    <property name="java.vm.compressedOopsMode" value="Zero based"/>
    <property name="line.separator" value="&#10;"/>
    <property name="java.specification.name" value="Java Platform API Specification"/>
    <property name="java.vm.specification.vendor" value="Oracle Corporation"/>
    <property name="java.awt.headless" value="true"/>
    <property name="surefire.real.class.path" value="/home/aalghanim/nifi-redis-single-record-processor-bundle/nifi-nifi-redis-get-processor-processors/target/surefire/surefirebooter-20241005195717952_3.jar"/>
    <property name="sun.management.compiler" value="HotSpot 64-Bit Tiered Compilers"/>
    <property name="java.runtime.version" value="21.0.4+7-Ubuntu-1ubuntu224.04"/>
    <property name="user.name" value="aalghanim"/>
    <property name="stdout.encoding" value="UTF-8"/>
    <property name="path.separator" value=":"/>
    <property name="os.version" value="6.8.0-45-generic"/>
    <property name="java.runtime.name" value="OpenJDK Runtime Environment"/>
    <property name="file.encoding" value="UTF-8"/>
    <property name="java.vm.name" value="OpenJDK 64-Bit Server VM"/>
    <property name="localRepository" value="/home/aalghanim/.m2/repository"/>
    <property name="java.vendor.url.bug" value="https://bugs.launchpad.net/ubuntu/+source/openjdk-21"/>
    <property name="java.io.tmpdir" value="/tmp"/>
    <property name="java.version" value="21.0.4"/>
    <property name="user.dir" value="/home/aalghanim/nifi-redis-single-record-processor-bundle/nifi-nifi-redis-get-processor-processors"/>
    <property name="os.arch" value="amd64"/>
    <property name="java.vm.specification.name" value="Java Virtual Machine Specification"/>
    <property name="native.encoding" value="UTF-8"/>
    <property name="java.library.path" value="/usr/java/packages/lib:/usr/lib/x86_64-linux-gnu/jni:/lib/x86_64-linux-gnu:/usr/lib/x86_64-linux-gnu:/usr/lib/jni:/lib:/usr/lib"/>
    <property name="java.vm.info" value="mixed mode, sharing"/>
    <property name="stderr.encoding" value="UTF-8"/>
    <property name="java.vendor" value="Ubuntu"/>
    <property name="java.vm.version" value="21.0.4+7-Ubuntu-1ubuntu224.04"/>
    <property name="sun.io.unicode.encoding" value="UnicodeLittle"/>
    <property name="enforcer.skip" value="true"/>
    <property name="java.class.version" value="65.0"/>
  </properties>
  <testcase name="testProcessor" classname="org.example.nifi.processors.redis.GetRedisSingleRecordTest" time="0.057"/>
</testsuite>